<?xml version="1.0" encoding="UTF-8"?>
<testsuite xmlns:xsi="http://www.w3.org/2001/XMLSchema-instance" xsi:noNamespaceSchemaLocation="https://maven.apache.org/surefire/maven-surefire-plugin/xsd/surefire-test-report-3.0.xsd" version="3.0" name="edu.cmu.graphchi.walks.TestWeightedHopper" time="3.089" tests="4" errors="0" skipped="0" failures="0">
  <properties>
    <property name="awt.toolkit" value="sun.awt.X11.XToolkit"/>
    <property name="file.encoding.pkg" value="sun.io"/>
    <property name="java.specification.version" value="1.8"/>
    <property name="sun.cpu.isalist" value=""/>
    <property name="sun.jnu.encoding" value="UTF-8"/>
    <property name="java.class.path" value="/home/uoji/Downloads/dacapobench-dev-chopin/benchmarks/bms/graphchi/build/target/test-classes:/home/uoji/Downloads/dacapobench-dev-chopin/benchmarks/bms/graphchi/build/target/classes:/root/.m2/repository/com/yammer/metrics/metrics-core/2.2.0/metrics-core-2.2.0.jar:/root/.m2/repository/org/slf4j/slf4j-api/1.7.2/slf4j-api-1.7.2.jar:/root/.m2/repository/org/scala-lang/scala-library/2.11.2/scala-library-2.11.2.jar:/root/.m2/repository/mysql/mysql-connector-java/5.1.6/mysql-connector-java-5.1.6.jar:/root/.m2/repository/junit/junit/4.10/junit-4.10.jar:/root/.m2/repository/org/hamcrest/hamcrest-core/1.1/hamcrest-core-1.1.jar:/root/.m2/repository/org/apache/pig/pig/0.10.0/pig-0.10.0.jar:/root/.m2/repository/xmlenc/xmlenc/0.52/xmlenc-0.52.jar:/root/.m2/repository/commons-httpclient/commons-httpclient/3.1/commons-httpclient-3.1.jar:/root/.m2/repository/commons-logging/commons-logging/1.0.4/commons-logging-1.0.4.jar:/root/.m2/repository/commons-codec/commons-codec/1.4/commons-codec-1.4.jar:/root/.m2/repository/commons-net/commons-net/1.4.1/commons-net-1.4.1.jar:/root/.m2/repository/org/mortbay/jetty/jetty/6.1.26/jetty-6.1.26.jar:/root/.m2/repository/org/mortbay/jetty/servlet-api/2.5-20081211/servlet-api-2.5-20081211.jar:/root/.m2/repository/org/mortbay/jetty/jetty-util/6.1.26/jetty-util-6.1.26.jar:/root/.m2/repository/tomcat/jasper-runtime/5.5.12/jasper-runtime-5.5.12.jar:/root/.m2/repository/tomcat/jasper-compiler/5.5.12/jasper-compiler-5.5.12.jar:/root/.m2/repository/org/mortbay/jetty/jsp-api-2.1/6.1.14/jsp-api-2.1-6.1.14.jar:/root/.m2/repository/org/mortbay/jetty/jsp-2.1/6.1.14/jsp-2.1-6.1.14.jar:/root/.m2/repository/ant/ant/1.6.5/ant-1.6.5.jar:/root/.m2/repository/commons-el/commons-el/1.0/commons-el-1.0.jar:/root/.m2/repository/net/java/dev/jets3t/jets3t/0.7.1/jets3t-0.7.1.jar:/root/.m2/repository/org/mortbay/jetty/servlet-api-2.5/6.1.14/servlet-api-2.5-6.1.14.jar:/root/.m2/repository/net/sf/kosmosfs/kfs/0.3/kfs-0.3.jar:/root/.m2/repository/hsqldb/hsqldb/1.8.0.10/hsqldb-1.8.0.10.jar:/root/.m2/repository/oro/oro/2.0.8/oro-2.0.8.jar:/root/.m2/repository/org/apache/hadoop/avro/1.3.2/avro-1.3.2.jar:/root/.m2/repository/org/codehaus/jackson/jackson-mapper-asl/1.4.2/jackson-mapper-asl-1.4.2.jar:/root/.m2/repository/org/codehaus/jackson/jackson-core-asl/1.4.2/jackson-core-asl-1.4.2.jar:/root/.m2/repository/com/thoughtworks/paranamer/paranamer/2.2/paranamer-2.2.jar:/root/.m2/repository/com/thoughtworks/paranamer/paranamer-ant/2.2/paranamer-ant-2.2.jar:/root/.m2/repository/com/thoughtworks/paranamer/paranamer-generator/2.2/paranamer-generator-2.2.jar:/root/.m2/repository/com/thoughtworks/qdox/qdox/1.10.1/qdox-1.10.1.jar:/root/.m2/repository/asm/asm/3.2/asm-3.2.jar:/root/.m2/repository/commons-lang/commons-lang/2.5/commons-lang-2.5.jar:/root/.m2/repository/org/apache/hadoop/hadoop-core/0.20.2/hadoop-core-0.20.2.jar:/root/.m2/repository/org/eclipse/jdt/core/3.1.1/core-3.1.1.jar:/root/.m2/repository/org/apache/commons/commons-math/2.1/commons-math-2.1.jar:/root/.m2/repository/commons-cli/commons-cli/1.2/commons-cli-1.2.jar:"/>
    <property name="java.vm.vendor" value="Oracle Corporation"/>
    <property name="sun.arch.data.model" value="64"/>
    <property name="java.vendor.url" value="http://java.oracle.com/"/>
    <property name="user.timezone" value=""/>
    <property name="user.country.format" value="PT"/>
    <property name="descriptorId" value="jar-with-dependencies"/>
    <property name="java.vm.specification.version" value="1.8"/>
    <property name="os.name" value="Linux"/>
    <property name="user.country" value="US"/>
    <property name="sun.java.launcher" value="SUN_STANDARD"/>
    <property name="sun.boot.library.path" value="/home/uoji/Downloads/jdk1.8.0_241/jre/lib/amd64"/>
    <property name="sun.java.command" value="/home/uoji/Downloads/dacapobench-dev-chopin/benchmarks/bms/graphchi/build/target/surefire/surefirebooter5176084507754395885.jar /home/uoji/Downloads/dacapobench-dev-chopin/benchmarks/bms/graphchi/build/target/surefire 2020-02-06T21-03-37_201-jvmRun1 surefire7880725664846980194tmp surefire_08393247496995465363tmp"/>
    <property name="surefire.test.class.path" value="/home/uoji/Downloads/dacapobench-dev-chopin/benchmarks/bms/graphchi/build/target/test-classes:/home/uoji/Downloads/dacapobench-dev-chopin/benchmarks/bms/graphchi/build/target/classes:/root/.m2/repository/com/yammer/metrics/metrics-core/2.2.0/metrics-core-2.2.0.jar:/root/.m2/repository/org/slf4j/slf4j-api/1.7.2/slf4j-api-1.7.2.jar:/root/.m2/repository/org/scala-lang/scala-library/2.11.2/scala-library-2.11.2.jar:/root/.m2/repository/mysql/mysql-connector-java/5.1.6/mysql-connector-java-5.1.6.jar:/root/.m2/repository/junit/junit/4.10/junit-4.10.jar:/root/.m2/repository/org/hamcrest/hamcrest-core/1.1/hamcrest-core-1.1.jar:/root/.m2/repository/org/apache/pig/pig/0.10.0/pig-0.10.0.jar:/root/.m2/repository/xmlenc/xmlenc/0.52/xmlenc-0.52.jar:/root/.m2/repository/commons-httpclient/commons-httpclient/3.1/commons-httpclient-3.1.jar:/root/.m2/repository/commons-logging/commons-logging/1.0.4/commons-logging-1.0.4.jar:/root/.m2/repository/commons-codec/commons-codec/1.4/commons-codec-1.4.jar:/root/.m2/repository/commons-net/commons-net/1.4.1/commons-net-1.4.1.jar:/root/.m2/repository/org/mortbay/jetty/jetty/6.1.26/jetty-6.1.26.jar:/root/.m2/repository/org/mortbay/jetty/servlet-api/2.5-20081211/servlet-api-2.5-20081211.jar:/root/.m2/repository/org/mortbay/jetty/jetty-util/6.1.26/jetty-util-6.1.26.jar:/root/.m2/repository/tomcat/jasper-runtime/5.5.12/jasper-runtime-5.5.12.jar:/root/.m2/repository/tomcat/jasper-compiler/5.5.12/jasper-compiler-5.5.12.jar:/root/.m2/repository/org/mortbay/jetty/jsp-api-2.1/6.1.14/jsp-api-2.1-6.1.14.jar:/root/.m2/repository/org/mortbay/jetty/jsp-2.1/6.1.14/jsp-2.1-6.1.14.jar:/root/.m2/repository/ant/ant/1.6.5/ant-1.6.5.jar:/root/.m2/repository/commons-el/commons-el/1.0/commons-el-1.0.jar:/root/.m2/repository/net/java/dev/jets3t/jets3t/0.7.1/jets3t-0.7.1.jar:/root/.m2/repository/org/mortbay/jetty/servlet-api-2.5/6.1.14/servlet-api-2.5-6.1.14.jar:/root/.m2/repository/net/sf/kosmosfs/kfs/0.3/kfs-0.3.jar:/root/.m2/repository/hsqldb/hsqldb/1.8.0.10/hsqldb-1.8.0.10.jar:/root/.m2/repository/oro/oro/2.0.8/oro-2.0.8.jar:/root/.m2/repository/org/apache/hadoop/avro/1.3.2/avro-1.3.2.jar:/root/.m2/repository/org/codehaus/jackson/jackson-mapper-asl/1.4.2/jackson-mapper-asl-1.4.2.jar:/root/.m2/repository/org/codehaus/jackson/jackson-core-asl/1.4.2/jackson-core-asl-1.4.2.jar:/root/.m2/repository/com/thoughtworks/paranamer/paranamer/2.2/paranamer-2.2.jar:/root/.m2/repository/com/thoughtworks/paranamer/paranamer-ant/2.2/paranamer-ant-2.2.jar:/root/.m2/repository/com/thoughtworks/paranamer/paranamer-generator/2.2/paranamer-generator-2.2.jar:/root/.m2/repository/com/thoughtworks/qdox/qdox/1.10.1/qdox-1.10.1.jar:/root/.m2/repository/asm/asm/3.2/asm-3.2.jar:/root/.m2/repository/commons-lang/commons-lang/2.5/commons-lang-2.5.jar:/root/.m2/repository/org/apache/hadoop/hadoop-core/0.20.2/hadoop-core-0.20.2.jar:/root/.m2/repository/org/eclipse/jdt/core/3.1.1/core-3.1.1.jar:/root/.m2/repository/org/apache/commons/commons-math/2.1/commons-math-2.1.jar:/root/.m2/repository/commons-cli/commons-cli/1.2/commons-cli-1.2.jar:"/>
    <property name="sun.cpu.endian" value="little"/>
    <property name="user.home" value="/root"/>
    <property name="user.language" value="en"/>
    <property name="java.specification.vendor" value="Oracle Corporation"/>
    <property name="java.home" value="/home/uoji/Downloads/jdk1.8.0_241/jre"/>
    <property name="basedir" value="/home/uoji/Downloads/dacapobench-dev-chopin/benchmarks/bms/graphchi/build"/>
    <property name="file.separator" value="/"/>
    <property name="line.separator" value="&#10;"/>
    <property name="java.vm.specification.vendor" value="Oracle Corporation"/>
    <property name="java.specification.name" value="Java Platform API Specification"/>
    <property name="java.awt.graphicsenv" value="sun.awt.X11GraphicsEnvironment"/>
    <property name="surefire.real.class.path" value="/home/uoji/Downloads/dacapobench-dev-chopin/benchmarks/bms/graphchi/build/target/surefire/surefirebooter5176084507754395885.jar"/>
    <property name="sun.boot.class.path" value="/home/uoji/Downloads/jdk1.8.0_241/jre/lib/resources.jar:/home/uoji/Downloads/jdk1.8.0_241/jre/lib/rt.jar:/home/uoji/Downloads/jdk1.8.0_241/jre/lib/sunrsasign.jar:/home/uoji/Downloads/jdk1.8.0_241/jre/lib/jsse.jar:/home/uoji/Downloads/jdk1.8.0_241/jre/lib/jce.jar:/home/uoji/Downloads/jdk1.8.0_241/jre/lib/charsets.jar:/home/uoji/Downloads/jdk1.8.0_241/jre/lib/jfr.jar:/home/uoji/Downloads/jdk1.8.0_241/jre/classes"/>
    <property name="sun.management.compiler" value="HotSpot 64-Bit Tiered Compilers"/>
    <property name="java.runtime.version" value="1.8.0_241-b07"/>
    <property name="user.name" value="root"/>
    <property name="path.separator" value=":"/>
    <property name="os.version" value="5.3.0-26-generic"/>
    <property name="java.endorsed.dirs" value="/home/uoji/Downloads/jdk1.8.0_241/jre/lib/endorsed"/>
    <property name="java.runtime.name" value="Java(TM) SE Runtime Environment"/>
    <property name="file.encoding" value="UTF-8"/>
    <property name="java.vm.name" value="Java HotSpot(TM) 64-Bit Server VM"/>
    <property name="localRepository" value="/root/.m2/repository"/>
    <property name="java.vendor.url.bug" value="http://bugreport.sun.com/bugreport/"/>
    <property name="java.io.tmpdir" value="/tmp"/>
    <property name="java.version" value="1.8.0_241"/>
    <property name="user.dir" value="/home/uoji/Downloads/dacapobench-dev-chopin/benchmarks/bms/graphchi/build"/>
    <property name="os.arch" value="amd64"/>
    <property name="java.vm.specification.name" value="Java Virtual Machine Specification"/>
    <property name="java.awt.printerjob" value="sun.print.PSPrinterJob"/>
    <property name="user.language.format" value="pt"/>
    <property name="sun.os.patch.level" value="unknown"/>
    <property name="java.library.path" value="/usr/java/packages/lib/amd64:/usr/lib64:/lib64:/lib:/usr/lib"/>
    <property name="java.vm.info" value="mixed mode"/>
    <property name="java.vendor" value="Oracle Corporation"/>
    <property name="java.vm.version" value="25.241-b07"/>
    <property name="java.ext.dirs" value="/home/uoji/Downloads/jdk1.8.0_241/jre/lib/ext:/usr/java/packages/lib/ext"/>
    <property name="sun.io.unicode.encoding" value="UnicodeLittle"/>
    <property name="java.class.version" value="52.0"/>
  </properties>
  <testcase name="testAliasMethod" classname="edu.cmu.graphchi.walks.TestWeightedHopper" time="0.374"/>
  <testcase name="testBoth" classname="edu.cmu.graphchi.walks.TestWeightedHopper" time="1.384"/>
  <testcase name="testBasicMethodSmall" classname="edu.cmu.graphchi.walks.TestWeightedHopper" time="0.321"/>
  <testcase name="testBasicMethod" classname="edu.cmu.graphchi.walks.TestWeightedHopper" time="1.009"/>
</testsuite>